STEP to UG
! INFO-     NX STEP AP214 - V2312.3002
! INFO-      
! INFO-     Start of Translation: 26-MAR-2024  12:03:59 PM
! INFO-      
! STATUS-   Converting Part: D:\FINAL YEAR ACADEMIC PROJECT\PARTS\Frame.STEP
! SUMMARY-   
! SUMMARY-    STEP Header Information
! SUMMARY-   
! SUMMARY-  Description      STEP AP214
! SUMMARY-  Imp_Level        1
! SUMMARY-  File_Name        Frame.STEP
! SUMMARY-  Date             2024-03-26T06:32:34
! SUMMARY-  Author           Unknown
! SUMMARY-  Organization     Unknown
! SUMMARY-  Pre_Version      SwSTEP 2.0
! SUMMARY-  Orig_System      SolidWorks 2022
! SUMMARY-  Authorization    Unknown
! SUMMARY-  Schema_ID        automotive_design
! SUMMARY-   
! SUMMARY-    Summary of STEP Entities
! SUMMARY-   
! SUMMARY-  Entity Type                                                   Count
! SUMMARY-  -----------                                                   ------
! SUMMARY-  advanced_face ..............................................:    608
! SUMMARY-  application_context ........................................:      2
! SUMMARY-  axis2_placement_3d .........................................:    689
! SUMMARY-  b_spline_curve_with_knots ..................................:    200
! SUMMARY-  b_spline_curve_with_knots_and_rational_b_spline_curve ......:    200
! SUMMARY-  b_spline_surface_with_knots_and_rational_b_spline_surface ..:     16
! SUMMARY-  cartesian_point ............................................:   6227
! SUMMARY-  circle .....................................................:     96
! SUMMARY-  closed_shell ...............................................:     23
! SUMMARY-  cylindrical_surface ........................................:    308
! SUMMARY-  direction ..................................................:   2314
! SUMMARY-  edge_curve .................................................:   1432
! SUMMARY-  edge_loop ..................................................:    632
! SUMMARY-  face_bound .................................................:     24
! SUMMARY-  face_outer_bound ...........................................:    608
! SUMMARY-  geometric_representation_context_and_global_uncertainty_a ..:     25
! SUMMARY-  length_unit_and_si_unit ....................................:     25
! SUMMARY-  line .......................................................:    936
! SUMMARY-  manifold_solid_brep ........................................:     23
! SUMMARY-  oriented_edge ..............................................:   2864
! SUMMARY-  plane ......................................................:    284
! SUMMARY-  plane_angle_unit_and_si_unit ...............................:     25
! SUMMARY-  product ....................................................:      1
! SUMMARY-  product_context ............................................:      1
! SUMMARY-  product_definition .........................................:      1
! SUMMARY-  product_definition_context .................................:      1
! SUMMARY-  product_definition_formation_with_specified_source .........:      1
! SUMMARY-  product_definition_shape ...................................:      1
! SUMMARY-  product_related_product_category ...........................:      1
! SUMMARY-  si_unit_and_solid_angle_unit ...............................:     25
! SUMMARY-  uncertainty_measure_with_unit ..............................:     25
! SUMMARY-  vector .....................................................:    936
! SUMMARY-  vertex_point ...............................................:    832
! SUMMARY-                                                               -------
! SUMMARY-  Total                                                          19386
! STATUS-    
! STATUS-   Converting to Output Form (Phase 2 of 3): 26-MAR-2024 12:03:59 PM
! STATUS-    
! STATUS-    
! STATUS-   Generating UG geometry and placing them in parts
! STATUS-    
! STATUS-   Creating the UG part (Phase 3 of 3): 26-MAR-2024  12:04:01 PM
! INFO-     Filing Part ..: D:\FINAL YEAR ACADEMIC PROJECT\PARTS\Frame_step.prt
! SUMMARY-   
! SUMMARY-  Summary of Unigraphics Part Entities
! SUMMARY-   
! SUMMARY-  Entities Processed             Count
! SUMMARY-  ------------------             -----
! SUMMARY-  Solid/Sheet .................:    23
! SUMMARY-                                 -----
! SUMMARY-  Total                             23
! INFO-      
! INFO-     Total number of solids input for this translation       :        23
! INFO-      
! INFO-     Number of solids created without body validation faults :        23
! INFO-      
! INFO-     Number of solids created with body validation fault(s)  :         0
! INFO-      
! INFO-     Number of solids ending up as sheet bodies              :         0
! INFO-      
! INFO-     End of Translation: 26-MAR-2024  12:04:02 PM
! INFO-      
